2025-12-31 15:25:00.276 +05:30 [INF] User profile is available. Using 'C:\Users\nssan\AppData\Local\ASP.NET\DataProtection-Keys' as key repository and Windows DPAPI to encrypt keys at rest.
2025-12-31 15:25:01.020 +05:30 [INF] Now listening on: https://localhost:7224
2025-12-31 15:25:01.022 +05:30 [INF] Now listening on: http://localhost:5285
2025-12-31 15:25:01.112 +05:30 [INF] Application started. Press Ctrl+C to shut down.
2025-12-31 15:25:01.118 +05:30 [INF] Hosting environment: Development
2025-12-31 15:25:01.123 +05:30 [INF] Content root path: D:\Projects\FundooNotes\FundooApp\FundooApp
2025-12-31 15:25:02.246 +05:30 [INF] Request starting HTTP/2 GET https://localhost:7224/swagger/index.html - null null
2025-12-31 15:25:02.508 +05:30 [INF] Request finished HTTP/2 GET https://localhost:7224/swagger/index.html - 200 null text/html;charset=utf-8 271.4766ms
2025-12-31 15:25:02.508 +05:30 [INF] Request starting HTTP/2 GET https://localhost:7224/_vs/browserLink - null null
2025-12-31 15:25:02.508 +05:30 [INF] Request starting HTTP/2 GET https://localhost:7224/_framework/aspnetcore-browser-refresh.js - null null
2025-12-31 15:25:02.531 +05:30 [INF] Request finished HTTP/2 GET https://localhost:7224/_framework/aspnetcore-browser-refresh.js - 200 16503 application/javascript; charset=utf-8 22.6726ms
2025-12-31 15:25:02.602 +05:30 [INF] Request finished HTTP/2 GET https://localhost:7224/_vs/browserLink - 200 null text/javascript; charset=UTF-8 94.5974ms
2025-12-31 15:25:02.654 +05:30 [INF] Request starting HTTP/2 GET https://localhost:7224/swagger/v1/swagger.json - null null
2025-12-31 15:25:02.676 +05:30 [INF] Request finished HTTP/2 GET https://localhost:7224/swagger/v1/swagger.json - 200 null application/json;charset=utf-8 21.8261ms
2025-12-31 15:27:45.197 +05:30 [INF] Request starting HTTP/2 POST https://localhost:7224/api/User/register - application/json-patch+json 117
2025-12-31 15:27:46.731 +05:30 [INF] Executing endpoint 'FundooApp.Controllers.UserController.Register (FundooApp)'
2025-12-31 15:27:46.762 +05:30 [INF] Route matched with {action = "Register", controller = "User"}. Executing controller action with signature System.Threading.Tasks.Task`1[Microsoft.AspNetCore.Mvc.IActionResult] Register(ModalLayer.DTOs.User.UserRegisterDTO) on controller FundooApp.Controllers.UserController (FundooApp).
2025-12-31 15:27:50.061 +05:30 [INF] Executed DbCommand (194ms) [Parameters=[@__Email_0='?' (Size = 4000)], CommandType='"Text"', CommandTimeout='30']
SELECT CASE
    WHEN EXISTS (
        SELECT 1
        FROM [Users] AS [u]
        WHERE [u].[Email] = @__Email_0) THEN CAST(1 AS bit)
    ELSE CAST(0 AS bit)
END
2025-12-31 15:27:50.410 +05:30 [INF] Executed DbCommand (23ms) [Parameters=[@p0='?' (DbType = DateTime2), @p1='?' (DbType = DateTime2), @p2='?' (Size = 4000), @p3='?' (Size = 4000), @p4='?' (Size = 4000), @p5='?' (Size = 4000)], CommandType='"Text"', CommandTimeout='30']
SET IMPLICIT_TRANSACTIONS OFF;
SET NOCOUNT ON;
INSERT INTO [Users] ([ChangedAt], [Created], [Email], [FirstName], [LastName], [Password])
OUTPUT INSERTED.[UserId]
VALUES (@p0, @p1, @p2, @p3, @p4, @p5);
2025-12-31 15:27:54.480 +05:30 [INF] User registered successfully with Email santhoshkumarns116@gmail.com
2025-12-31 15:27:54.513 +05:30 [INF] Executing OkObjectResult, writing value of type 'ModalLayer.DTOs.ResponseMdl`1[[ModalLayer.Entities.User, ModalLayer, Version=1.0.0.0, Culture=neutral, PublicKeyToken=null]]'.
2025-12-31 15:27:54.553 +05:30 [INF] Executed action FundooApp.Controllers.UserController.Register (FundooApp) in 7785.3953ms
2025-12-31 15:27:54.557 +05:30 [INF] Executed endpoint 'FundooApp.Controllers.UserController.Register (FundooApp)'
2025-12-31 15:27:54.568 +05:30 [INF] Request finished HTTP/2 POST https://localhost:7224/api/User/register - 200 346 application/json; charset=utf-8 9371.3074ms
