2026-01-10 11:41:02.880 +05:30 [INF] User profile is available. Using 'C:\Users\nssan\AppData\Local\ASP.NET\DataProtection-Keys' as key repository and Windows DPAPI to encrypt keys at rest.
2026-01-10 11:41:04.953 +05:30 [INF] Now listening on: https://localhost:7224
2026-01-10 11:41:04.957 +05:30 [INF] Now listening on: http://localhost:5285
2026-01-10 11:41:05.038 +05:30 [INF] Application started. Press Ctrl+C to shut down.
2026-01-10 11:41:05.121 +05:30 [INF] Hosting environment: Development
2026-01-10 11:41:05.286 +05:30 [INF] Content root path: D:\Projects\FundooApp\FundooApp\FundooApp
2026-01-10 11:41:07.013 +05:30 [INF] Request starting HTTP/2 GET https://localhost:7224/swagger/index.html - null null
2026-01-10 11:41:09.174 +05:30 [INF] Request starting HTTP/2 GET https://localhost:7224/_framework/aspnetcore-browser-refresh.js - null null
2026-01-10 11:41:09.186 +05:30 [INF] Request starting HTTP/2 GET https://localhost:7224/_vs/browserLink - null null
2026-01-10 11:41:09.215 +05:30 [INF] Request finished HTTP/2 GET https://localhost:7224/swagger/index.html - 200 null text/html;charset=utf-8 2215.7452ms
2026-01-10 11:41:09.532 +05:30 [INF] Request finished HTTP/2 GET https://localhost:7224/_framework/aspnetcore-browser-refresh.js - 200 16503 application/javascript; charset=utf-8 357.672ms
2026-01-10 11:41:10.323 +05:30 [INF] Request finished HTTP/2 GET https://localhost:7224/_vs/browserLink - 200 null text/javascript; charset=UTF-8 1136.6702ms
2026-01-10 11:41:10.387 +05:30 [INF] Request starting HTTP/2 GET https://localhost:7224/swagger/v1/swagger.json - null null
2026-01-10 11:41:11.566 +05:30 [INF] Request finished HTTP/2 GET https://localhost:7224/swagger/v1/swagger.json - 200 null application/json;charset=utf-8 1178.8503ms
2026-01-10 11:42:06.244 +05:30 [INF] Request starting HTTP/2 POST https://localhost:7224/api/User/register - application/json-patch+json 114
2026-01-10 11:42:08.167 +05:30 [INF] Executing endpoint 'FundooApp.Controllers.UserController.Register (FundooApp)'
2026-01-10 11:42:08.230 +05:30 [INF] Route matched with {action = "Register", controller = "User"}. Executing controller action with signature System.Threading.Tasks.Task`1[Microsoft.AspNetCore.Mvc.IActionResult] Register(ModalLayer.DTOs.User.UserRegisterDTO) on controller FundooApp.Controllers.UserController (FundooApp).
2026-01-10 11:42:26.254 +05:30 [INF] Executed DbCommand (795ms) [Parameters=[@__Email_0='?' (Size = 4000)], CommandType='"Text"', CommandTimeout='30']
SELECT CASE
    WHEN EXISTS (
        SELECT 1
        FROM [Users] AS [u]
        WHERE [u].[Email] = @__Email_0) THEN CAST(1 AS bit)
    ELSE CAST(0 AS bit)
END
2026-01-10 11:42:26.510 +05:30 [INF] Executed action FundooApp.Controllers.UserController.Register (FundooApp) in 18246.7269ms
2026-01-10 11:42:26.531 +05:30 [INF] Executed endpoint 'FundooApp.Controllers.UserController.Register (FundooApp)'
2026-01-10 11:42:26.566 +05:30 [ERR] An unhandled exception has occurred while executing the request.
System.InvalidOperationException: Email already exists
   at DataAcessLayer.Repositary.UserRepo.UserRegister(UserRegisterDTO request) in D:\Projects\FundooApp\FundooApp\Fundoo.DataAcessLayer\Repositary\UserRepo.cs:line 35
   at BusinessLogicLayer.Service.UserBuss.RegisterUser(UserRegisterDTO request) in D:\Projects\FundooApp\FundooApp\Fundoo.Business\Service\UserBuss.cs:line 43
   at FundooApp.Controllers.UserController.Register(UserRegisterDTO request) in D:\Projects\FundooApp\FundooApp\FundooApp\Controllers\UserController.cs:line 37
   at Microsoft.AspNetCore.Mvc.Infrastructure.ActionMethodExecutor.TaskOfIActionResultExecutor.Execute(ActionContext actionContext, IActionResultTypeMapper mapper, ObjectMethodExecutor executor, Object controller, Object[] arguments)
   at Microsoft.AspNetCore.Mvc.Infrastructure.ControllerActionInvoker.<InvokeActionMethodAsync>g__Awaited|12_0(ControllerActionInvoker invoker, ValueTask`1 actionResultValueTask)
   at Microsoft.AspNetCore.Mvc.Infrastructure.ControllerActionInvoker.<InvokeNextActionFilterAsync>g__Awaited|10_0(ControllerActionInvoker invoker, Task lastTask, State next, Scope scope, Object state, Boolean isCompleted)
   at Microsoft.AspNetCore.Mvc.Infrastructure.ControllerActionInvoker.Rethrow(ActionExecutedContextSealed context)
   at Microsoft.AspNetCore.Mvc.Infrastructure.ControllerActionInvoker.Next(State& next, Scope& scope, Object& state, Boolean& isCompleted)
   at Microsoft.AspNetCore.Mvc.Infrastructure.ControllerActionInvoker.InvokeInnerFilterAsync()
--- End of stack trace from previous location ---
   at Microsoft.AspNetCore.Mvc.Infrastructure.ResourceInvoker.<InvokeFilterPipelineAsync>g__Awaited|20_0(ResourceInvoker invoker, Task lastTask, State next, Scope scope, Object state, Boolean isCompleted)
   at Microsoft.AspNetCore.Mvc.Infrastructure.ResourceInvoker.<InvokeAsync>g__Logged|17_1(ResourceInvoker invoker)
   at Microsoft.AspNetCore.Mvc.Infrastructure.ResourceInvoker.<InvokeAsync>g__Logged|17_1(ResourceInvoker invoker)
   at Microsoft.AspNetCore.Routing.EndpointMiddleware.<Invoke>g__AwaitRequestTask|7_0(Endpoint endpoint, Task requestTask, ILogger logger)
   at Microsoft.AspNetCore.Authorization.AuthorizationMiddleware.Invoke(HttpContext context)
   at Microsoft.AspNetCore.Authentication.AuthenticationMiddleware.Invoke(HttpContext context)
   at Swashbuckle.AspNetCore.SwaggerUI.SwaggerUIMiddleware.Invoke(HttpContext httpContext)
   at Swashbuckle.AspNetCore.Swagger.SwaggerMiddleware.Invoke(HttpContext httpContext, ISwaggerProvider swaggerProvider)
   at Microsoft.AspNetCore.Diagnostics.DeveloperExceptionPageMiddlewareImpl.Invoke(HttpContext context)
2026-01-10 11:42:27.039 +05:30 [INF] Request finished HTTP/2 POST https://localhost:7224/api/User/register - 500 null text/plain; charset=utf-8 20794.3348ms
2026-01-10 12:07:42.756 +05:30 [INF] Request starting HTTP/2 GET https://localhost:7224/swagger/index.html - null null
2026-01-10 12:07:42.770 +05:30 [INF] Request finished HTTP/2 GET https://localhost:7224/swagger/index.html - 200 null text/html;charset=utf-8 13.9151ms
2026-01-10 12:07:42.790 +05:30 [INF] Request starting HTTP/2 GET https://localhost:7224/_framework/aspnetcore-browser-refresh.js - null null
2026-01-10 12:07:42.790 +05:30 [INF] Request starting HTTP/2 GET https://localhost:7224/_vs/browserLink - null null
2026-01-10 12:07:42.798 +05:30 [INF] Request finished HTTP/2 GET https://localhost:7224/_framework/aspnetcore-browser-refresh.js - 200 16503 application/javascript; charset=utf-8 8.2518ms
2026-01-10 12:07:42.812 +05:30 [INF] Request finished HTTP/2 GET https://localhost:7224/_vs/browserLink - 200 null text/javascript; charset=UTF-8 21.6407ms
2026-01-10 12:07:42.874 +05:30 [INF] Request starting HTTP/2 GET https://localhost:7224/swagger/v1/swagger.json - null null
2026-01-10 12:07:42.891 +05:30 [INF] Request finished HTTP/2 GET https://localhost:7224/swagger/v1/swagger.json - 200 null application/json;charset=utf-8 16.9305ms
2026-01-10 12:08:02.068 +05:30 [INF] Request starting HTTP/2 POST https://localhost:7224/api/User/login - application/json-patch+json 64
2026-01-10 12:08:02.076 +05:30 [INF] Executing endpoint 'FundooApp.Controllers.UserController.Login (FundooApp)'
2026-01-10 12:08:02.084 +05:30 [INF] Route matched with {action = "Login", controller = "User"}. Executing controller action with signature Microsoft.AspNetCore.Mvc.IActionResult Login(ModalLayer.DTOs.User.LoginDTO) on controller FundooApp.Controllers.UserController (FundooApp).
2026-01-10 12:08:02.294 +05:30 [INF] Executed DbCommand (17ms) [Parameters=[@__mdl_Email_0='?' (Size = 4000)], CommandType='"Text"', CommandTimeout='30']
SELECT TOP(1) [u].[UserId], [u].[ChangedAt], [u].[Created], [u].[Email], [u].[FirstName], [u].[LastName], [u].[Password]
FROM [Users] AS [u]
WHERE [u].[Email] = @__mdl_Email_0
2026-01-10 12:08:02.984 +05:30 [INF] User logged in Failed with Email n.s.santhosh116@gmail.com
2026-01-10 12:08:02.997 +05:30 [INF] Executing BadRequestObjectResult, writing value of type 'ModalLayer.DTOs.ResponseMdl`1[[System.String, System.Private.CoreLib, Version=8.0.0.0, Culture=neutral, PublicKeyToken=7cec85d7bea7798e]]'.
2026-01-10 12:08:03.042 +05:30 [INF] Executed action FundooApp.Controllers.UserController.Login (FundooApp) in 952.4147ms
2026-01-10 12:08:03.046 +05:30 [INF] Executed endpoint 'FundooApp.Controllers.UserController.Login (FundooApp)'
2026-01-10 12:08:03.049 +05:30 [INF] Request finished HTTP/2 POST https://localhost:7224/api/User/login - 400 58 application/json; charset=utf-8 980.4812ms
2026-01-10 12:09:50.586 +05:30 [INF] User profile is available. Using 'C:\Users\nssan\AppData\Local\ASP.NET\DataProtection-Keys' as key repository and Windows DPAPI to encrypt keys at rest.
2026-01-10 12:09:55.369 +05:30 [INF] Now listening on: https://localhost:7224
2026-01-10 12:09:55.419 +05:30 [INF] Now listening on: http://localhost:5285
2026-01-10 12:09:56.691 +05:30 [INF] Request starting HTTP/2 GET https://localhost:7224/swagger/index.html - null null
2026-01-10 12:09:57.163 +05:30 [INF] Application started. Press Ctrl+C to shut down.
2026-01-10 12:09:57.240 +05:30 [INF] Hosting environment: Development
2026-01-10 12:09:57.321 +05:30 [INF] Content root path: D:\Projects\FundooApp\FundooApp\FundooApp
2026-01-10 12:09:59.568 +05:30 [INF] Request starting HTTP/2 GET https://localhost:7224/_framework/aspnetcore-browser-refresh.js - null null
2026-01-10 12:09:59.576 +05:30 [INF] Request starting HTTP/2 GET https://localhost:7224/_vs/browserLink - null null
2026-01-10 12:09:59.712 +05:30 [INF] Request finished HTTP/2 GET https://localhost:7224/swagger/index.html - 200 null text/html;charset=utf-8 3102.8822ms
2026-01-10 12:09:59.830 +05:30 [INF] Request finished HTTP/2 GET https://localhost:7224/_framework/aspnetcore-browser-refresh.js - 200 16503 application/javascript; charset=utf-8 270.1256ms
2026-01-10 12:10:00.710 +05:30 [INF] Request finished HTTP/2 GET https://localhost:7224/_vs/browserLink - 200 null text/javascript; charset=UTF-8 1135.8786ms
2026-01-10 12:10:00.766 +05:30 [INF] Request starting HTTP/2 GET https://localhost:7224/swagger/v1/swagger.json - null null
2026-01-10 12:10:01.111 +05:30 [INF] Request finished HTTP/2 GET https://localhost:7224/swagger/v1/swagger.json - 200 null application/json;charset=utf-8 344.3496ms
2026-01-10 12:10:22.599 +05:30 [INF] Request starting HTTP/2 POST https://localhost:7224/api/User/login - application/json-patch+json 60
2026-01-10 12:10:38.085 +05:30 [INF] Executing endpoint 'FundooApp.Controllers.UserController.Login (FundooApp)'
2026-01-10 12:10:38.449 +05:30 [INF] Route matched with {action = "Login", controller = "User"}. Executing controller action with signature Microsoft.AspNetCore.Mvc.IActionResult Login(ModalLayer.DTOs.User.LoginDTO) on controller FundooApp.Controllers.UserController (FundooApp).
2026-01-10 12:11:14.721 +05:30 [INF] Executed action FundooApp.Controllers.UserController.Login (FundooApp) in 36217.5964ms
2026-01-10 12:11:14.726 +05:30 [INF] Executed endpoint 'FundooApp.Controllers.UserController.Login (FundooApp)'
2026-01-10 12:11:14.738 +05:30 [ERR] An unhandled exception has occurred while executing the request.
System.ArgumentException: Password is required
   at DataAcessLayer.Repositary.UserRepo.LoginUser(LoginDTO mdl) in D:\Projects\FundooApp\FundooApp\Fundoo.DataAcessLayer\Repositary\UserRepo.cs:line 71
   at BusinessLogicLayer.Service.UserBuss.LoginUser(LoginDTO loginDTO) in D:\Projects\FundooApp\FundooApp\Fundoo.Business\Service\UserBuss.cs:line 32
   at FundooApp.Controllers.UserController.Login(LoginDTO loginMdl) in D:\Projects\FundooApp\FundooApp\FundooApp\Controllers\UserController.cs:line 48
   at lambda_method2(Closure, Object, Object[])
   at Microsoft.AspNetCore.Mvc.Infrastructure.ActionMethodExecutor.SyncActionResultExecutor.Execute(ActionContext actionContext, IActionResultTypeMapper mapper, ObjectMethodExecutor executor, Object controller, Object[] arguments)
   at Microsoft.AspNetCore.Mvc.Infrastructure.ControllerActionInvoker.InvokeActionMethodAsync()
   at Microsoft.AspNetCore.Mvc.Infrastructure.ControllerActionInvoker.Next(State& next, Scope& scope, Object& state, Boolean& isCompleted)
   at Microsoft.AspNetCore.Mvc.Infrastructure.ControllerActionInvoker.InvokeNextActionFilterAsync()
--- End of stack trace from previous location ---
   at Microsoft.AspNetCore.Mvc.Infrastructure.ControllerActionInvoker.Rethrow(ActionExecutedContextSealed context)
   at Microsoft.AspNetCore.Mvc.Infrastructure.ControllerActionInvoker.Next(State& next, Scope& scope, Object& state, Boolean& isCompleted)
   at Microsoft.AspNetCore.Mvc.Infrastructure.ControllerActionInvoker.InvokeInnerFilterAsync()
--- End of stack trace from previous location ---
   at Microsoft.AspNetCore.Mvc.Infrastructure.ResourceInvoker.<InvokeFilterPipelineAsync>g__Awaited|20_0(ResourceInvoker invoker, Task lastTask, State next, Scope scope, Object state, Boolean isCompleted)
   at Microsoft.AspNetCore.Mvc.Infrastructure.ResourceInvoker.<InvokeAsync>g__Logged|17_1(ResourceInvoker invoker)
   at Microsoft.AspNetCore.Mvc.Infrastructure.ResourceInvoker.<InvokeAsync>g__Logged|17_1(ResourceInvoker invoker)
   at Microsoft.AspNetCore.Routing.EndpointMiddleware.<Invoke>g__AwaitRequestTask|7_0(Endpoint endpoint, Task requestTask, ILogger logger)
   at Microsoft.AspNetCore.Authorization.AuthorizationMiddleware.Invoke(HttpContext context)
   at Microsoft.AspNetCore.Authentication.AuthenticationMiddleware.Invoke(HttpContext context)
   at Swashbuckle.AspNetCore.SwaggerUI.SwaggerUIMiddleware.Invoke(HttpContext httpContext)
   at Swashbuckle.AspNetCore.Swagger.SwaggerMiddleware.Invoke(HttpContext httpContext, ISwaggerProvider swaggerProvider)
   at Microsoft.AspNetCore.Diagnostics.DeveloperExceptionPageMiddlewareImpl.Invoke(HttpContext context)
2026-01-10 12:11:14.861 +05:30 [INF] Request finished HTTP/2 POST https://localhost:7224/api/User/login - 500 null text/plain; charset=utf-8 52262.4098ms
2026-01-10 12:59:27.158 +05:30 [INF] User profile is available. Using 'C:\Users\nssan\AppData\Local\ASP.NET\DataProtection-Keys' as key repository and Windows DPAPI to encrypt keys at rest.
2026-01-10 12:59:27.849 +05:30 [INF] Now listening on: https://localhost:7224
2026-01-10 12:59:27.852 +05:30 [INF] Now listening on: http://localhost:5285
2026-01-10 12:59:27.925 +05:30 [INF] Application started. Press Ctrl+C to shut down.
2026-01-10 12:59:27.928 +05:30 [INF] Hosting environment: Development
2026-01-10 12:59:27.931 +05:30 [INF] Content root path: D:\Projects\FundooApp\FundooApp\FundooApp
2026-01-10 12:59:28.450 +05:30 [INF] Request starting HTTP/2 GET https://localhost:7224/swagger - null null
2026-01-10 12:59:28.716 +05:30 [INF] Request finished HTTP/2 GET https://localhost:7224/swagger - 301 0 null 274.9918ms
2026-01-10 12:59:28.732 +05:30 [INF] Request starting HTTP/2 GET https://localhost:7224/swagger/index.html - null null
2026-01-10 12:59:28.868 +05:30 [INF] Request starting HTTP/2 GET https://localhost:7224/swagger/swagger-ui-bundle.js - null null
2026-01-10 12:59:28.868 +05:30 [INF] Request starting HTTP/2 GET https://localhost:7224/swagger/swagger-ui.css - null null
2026-01-10 12:59:28.870 +05:30 [INF] Request starting HTTP/2 GET https://localhost:7224/swagger/swagger-ui-standalone-preset.js - null null
2026-01-10 12:59:28.884 +05:30 [INF] Request starting HTTP/2 GET https://localhost:7224/_framework/aspnetcore-browser-refresh.js - null null
2026-01-10 12:59:28.884 +05:30 [INF] Request finished HTTP/2 GET https://localhost:7224/swagger/index.html - 200 null text/html;charset=utf-8 150.5718ms
2026-01-10 12:59:28.995 +05:30 [INF] Request finished HTTP/2 GET https://localhost:7224/_framework/aspnetcore-browser-refresh.js - 200 16503 application/javascript; charset=utf-8 110.5114ms
2026-01-10 12:59:29.010 +05:30 [INF] Sending file. Request path: '/swagger-ui-standalone-preset.js'. Physical path: 'N/A'
2026-01-10 12:59:29.010 +05:30 [INF] Sending file. Request path: '/swagger-ui.css'. Physical path: 'N/A'
2026-01-10 12:59:29.020 +05:30 [INF] Request finished HTTP/2 GET https://localhost:7224/swagger/swagger-ui-standalone-preset.js - 200 230280 text/javascript 150.2762ms
2026-01-10 12:59:29.023 +05:30 [INF] Request finished HTTP/2 GET https://localhost:7224/swagger/swagger-ui.css - 200 152034 text/css 154.9746ms
2026-01-10 12:59:28.887 +05:30 [INF] Request starting HTTP/2 GET https://localhost:7224/_vs/browserLink - null null
2026-01-10 12:59:29.041 +05:30 [INF] Sending file. Request path: '/swagger-ui-bundle.js'. Physical path: 'N/A'
2026-01-10 12:59:29.044 +05:30 [INF] Request finished HTTP/2 GET https://localhost:7224/swagger/swagger-ui-bundle.js - 200 1456926 text/javascript 175.2619ms
2026-01-10 12:59:29.119 +05:30 [INF] Request finished HTTP/2 GET https://localhost:7224/_vs/browserLink - 200 null text/javascript; charset=UTF-8 234.4206ms
2026-01-10 12:59:29.154 +05:30 [INF] Request starting HTTP/2 GET https://localhost:7224/swagger/v1/swagger.json - null null
2026-01-10 12:59:29.196 +05:30 [INF] Request finished HTTP/2 GET https://localhost:7224/swagger/v1/swagger.json - 200 null application/json;charset=utf-8 41.9793ms
2026-01-10 13:12:06.464 +05:30 [INF] User profile is available. Using 'C:\Users\nssan\AppData\Local\ASP.NET\DataProtection-Keys' as key repository and Windows DPAPI to encrypt keys at rest.
2026-01-10 13:12:06.767 +05:30 [INF] Now listening on: https://localhost:7224
2026-01-10 13:12:06.770 +05:30 [INF] Now listening on: http://localhost:5285
2026-01-10 13:12:06.832 +05:30 [INF] Application started. Press Ctrl+C to shut down.
2026-01-10 13:12:06.837 +05:30 [INF] Hosting environment: Development
2026-01-10 13:12:06.839 +05:30 [INF] Content root path: D:\Projects\FundooApp\FundooApp\FundooApp
2026-01-10 13:12:07.428 +05:30 [INF] Request starting HTTP/2 GET https://localhost:7224/swagger/index.html - null null
2026-01-10 13:12:07.671 +05:30 [INF] Request finished HTTP/2 GET https://localhost:7224/swagger/index.html - 200 null text/html;charset=utf-8 253.9693ms
2026-01-10 13:12:07.673 +05:30 [INF] Request starting HTTP/2 GET https://localhost:7224/_vs/browserLink - null null
2026-01-10 13:12:07.673 +05:30 [INF] Request starting HTTP/2 GET https://localhost:7224/_framework/aspnetcore-browser-refresh.js - null null
2026-01-10 13:12:07.693 +05:30 [INF] Request finished HTTP/2 GET https://localhost:7224/_framework/aspnetcore-browser-refresh.js - 200 16503 application/javascript; charset=utf-8 19.6202ms
2026-01-10 13:12:07.729 +05:30 [INF] Request finished HTTP/2 GET https://localhost:7224/_vs/browserLink - 200 null text/javascript; charset=UTF-8 55.9643ms
2026-01-10 13:12:07.807 +05:30 [INF] Request starting HTTP/2 GET https://localhost:7224/swagger/v1/swagger.json - null null
2026-01-10 13:12:07.844 +05:30 [INF] Request finished HTTP/2 GET https://localhost:7224/swagger/v1/swagger.json - 200 null application/json;charset=utf-8 37.4048ms
2026-01-10 13:12:33.415 +05:30 [INF] Request starting HTTP/2 POST https://localhost:7224/api/User/login - application/json-patch+json 64
2026-01-10 13:12:35.537 +05:30 [INF] Executing endpoint 'FundooApp.Controllers.UserController.Login (FundooApp)'
2026-01-10 13:12:35.595 +05:30 [INF] Route matched with {action = "Login", controller = "User"}. Executing controller action with signature Microsoft.AspNetCore.Mvc.IActionResult Login(ModalLayer.DTOs.User.LoginDTO) on controller FundooApp.Controllers.UserController (FundooApp).
2026-01-10 13:12:40.976 +05:30 [INF] Executed DbCommand (251ms) [Parameters=[@__mdl_Email_0='?' (Size = 4000)], CommandType='"Text"', CommandTimeout='30']
SELECT TOP(1) [u].[UserId], [u].[ChangedAt], [u].[Created], [u].[Email], [u].[FirstName], [u].[LastName], [u].[Password]
FROM [Users] AS [u]
WHERE [u].[Email] = @__mdl_Email_0
2026-01-10 13:13:28.955 +05:30 [INF] Executed action FundooApp.Controllers.UserController.Login (FundooApp) in 53338.6355ms
2026-01-10 13:13:28.961 +05:30 [INF] Executed endpoint 'FundooApp.Controllers.UserController.Login (FundooApp)'
2026-01-10 13:13:28.968 +05:30 [ERR] An unhandled exception has occurred while executing the request.
System.Exception: User Not Found
   at BusinessLogicLayer.Service.UserBuss.LoginUser(LoginDTO loginDTO) in D:\Projects\FundooApp\FundooApp\Fundoo.Business\Service\UserBuss.cs:line 35
   at FundooApp.Controllers.UserController.Login(LoginDTO loginMdl) in D:\Projects\FundooApp\FundooApp\FundooApp\Controllers\UserController.cs:line 62
   at lambda_method2(Closure, Object, Object[])
   at Microsoft.AspNetCore.Mvc.Infrastructure.ActionMethodExecutor.SyncActionResultExecutor.Execute(ActionContext actionContext, IActionResultTypeMapper mapper, ObjectMethodExecutor executor, Object controller, Object[] arguments)
   at Microsoft.AspNetCore.Mvc.Infrastructure.ControllerActionInvoker.InvokeActionMethodAsync()
   at Microsoft.AspNetCore.Mvc.Infrastructure.ControllerActionInvoker.Next(State& next, Scope& scope, Object& state, Boolean& isCompleted)
   at Microsoft.AspNetCore.Mvc.Infrastructure.ControllerActionInvoker.InvokeNextActionFilterAsync()
--- End of stack trace from previous location ---
   at Microsoft.AspNetCore.Mvc.Infrastructure.ControllerActionInvoker.Rethrow(ActionExecutedContextSealed context)
   at Microsoft.AspNetCore.Mvc.Infrastructure.ControllerActionInvoker.Next(State& next, Scope& scope, Object& state, Boolean& isCompleted)
   at Microsoft.AspNetCore.Mvc.Infrastructure.ControllerActionInvoker.InvokeInnerFilterAsync()
--- End of stack trace from previous location ---
   at Microsoft.AspNetCore.Mvc.Infrastructure.ResourceInvoker.<InvokeFilterPipelineAsync>g__Awaited|20_0(ResourceInvoker invoker, Task lastTask, State next, Scope scope, Object state, Boolean isCompleted)
   at Microsoft.AspNetCore.Mvc.Infrastructure.ResourceInvoker.<InvokeAsync>g__Logged|17_1(ResourceInvoker invoker)
   at Microsoft.AspNetCore.Mvc.Infrastructure.ResourceInvoker.<InvokeAsync>g__Logged|17_1(ResourceInvoker invoker)
   at Microsoft.AspNetCore.Routing.EndpointMiddleware.<Invoke>g__AwaitRequestTask|7_0(Endpoint endpoint, Task requestTask, ILogger logger)
   at Microsoft.AspNetCore.Authorization.AuthorizationMiddleware.Invoke(HttpContext context)
   at Microsoft.AspNetCore.Authentication.AuthenticationMiddleware.Invoke(HttpContext context)
   at Swashbuckle.AspNetCore.SwaggerUI.SwaggerUIMiddleware.Invoke(HttpContext httpContext)
   at Swashbuckle.AspNetCore.Swagger.SwaggerMiddleware.Invoke(HttpContext httpContext, ISwaggerProvider swaggerProvider)
   at Microsoft.AspNetCore.Diagnostics.DeveloperExceptionPageMiddlewareImpl.Invoke(HttpContext context)
2026-01-10 13:13:29.079 +05:30 [INF] Request finished HTTP/2 POST https://localhost:7224/api/User/login - 500 null text/plain; charset=utf-8 55664.2627ms
2026-01-10 23:46:30.005 +05:30 [INF] User profile is available. Using 'C:\Users\nssan\AppData\Local\ASP.NET\DataProtection-Keys' as key repository and Windows DPAPI to encrypt keys at rest.
2026-01-10 23:46:30.385 +05:30 [INF] Now listening on: https://localhost:7224
2026-01-10 23:46:30.391 +05:30 [INF] Now listening on: http://localhost:5285
2026-01-10 23:46:30.453 +05:30 [INF] Application started. Press Ctrl+C to shut down.
2026-01-10 23:46:30.454 +05:30 [INF] Hosting environment: Development
2026-01-10 23:46:30.457 +05:30 [INF] Content root path: D:\Projects\FundooApp\FundooApp\FundooApp
2026-01-10 23:46:30.979 +05:30 [INF] Request starting HTTP/2 GET https://localhost:7224/swagger/index.html - null null
2026-01-10 23:46:31.095 +05:30 [INF] Request finished HTTP/2 GET https://localhost:7224/swagger/index.html - 200 null text/html;charset=utf-8 117.7871ms
2026-01-10 23:46:31.102 +05:30 [INF] Request starting HTTP/2 GET https://localhost:7224/_framework/aspnetcore-browser-refresh.js - null null
2026-01-10 23:46:31.102 +05:30 [INF] Request starting HTTP/2 GET https://localhost:7224/_vs/browserLink - null null
2026-01-10 23:46:31.130 +05:30 [INF] Request finished HTTP/2 GET https://localhost:7224/_framework/aspnetcore-browser-refresh.js - 200 16503 application/javascript; charset=utf-8 27.6056ms
2026-01-10 23:46:31.152 +05:30 [INF] Request finished HTTP/2 GET https://localhost:7224/_vs/browserLink - 200 null text/javascript; charset=UTF-8 48.9105ms
2026-01-10 23:46:31.185 +05:30 [INF] Request starting HTTP/2 GET https://localhost:7224/swagger/v1/swagger.json - null null
2026-01-10 23:46:31.198 +05:30 [INF] Request finished HTTP/2 GET https://localhost:7224/swagger/v1/swagger.json - 200 null application/json;charset=utf-8 13.5111ms
2026-01-10 23:47:02.377 +05:30 [INF] Request starting HTTP/2 POST https://localhost:7224/api/User/login - application/json-patch+json 64
2026-01-10 23:47:04.160 +05:30 [INF] Executing endpoint 'FundooApp.Controllers.UserController.Login (FundooApp)'
2026-01-10 23:47:04.202 +05:30 [INF] Route matched with {action = "Login", controller = "User"}. Executing controller action with signature Microsoft.AspNetCore.Mvc.IActionResult Login(ModalLayer.DTOs.User.LoginDTO) on controller FundooApp.Controllers.UserController (FundooApp).
2026-01-10 23:47:18.419 +05:30 [INF] Executed DbCommand (661ms) [Parameters=[@__mdl_Email_0='?' (Size = 4000)], CommandType='"Text"', CommandTimeout='30']
SELECT TOP(1) [u].[UserId], [u].[ChangedAt], [u].[Created], [u].[Email], [u].[FirstName], [u].[LastName], [u].[Password]
FROM [Users] AS [u]
WHERE [u].[Email] = @__mdl_Email_0
2026-01-10 23:47:20.827 +05:30 [INF] Executed action FundooApp.Controllers.UserController.Login (FundooApp) in 16590.0744ms
2026-01-10 23:47:20.848 +05:30 [INF] Executed endpoint 'FundooApp.Controllers.UserController.Login (FundooApp)'
2026-01-10 23:47:20.887 +05:30 [ERR] An unhandled exception has occurred while executing the request.
System.Exception: User Not Found
   at BusinessLogicLayer.Service.UserBuss.LoginUser(LoginDTO loginDTO) in D:\Projects\FundooApp\FundooApp\Fundoo.Business\Service\UserBuss.cs:line 35
   at FundooApp.Controllers.UserController.Login(LoginDTO loginMdl) in D:\Projects\FundooApp\FundooApp\FundooApp\Controllers\UserController.cs:line 62
   at lambda_method2(Closure, Object, Object[])
   at Microsoft.AspNetCore.Mvc.Infrastructure.ActionMethodExecutor.SyncActionResultExecutor.Execute(ActionContext actionContext, IActionResultTypeMapper mapper, ObjectMethodExecutor executor, Object controller, Object[] arguments)
   at Microsoft.AspNetCore.Mvc.Infrastructure.ControllerActionInvoker.InvokeActionMethodAsync()
   at Microsoft.AspNetCore.Mvc.Infrastructure.ControllerActionInvoker.Next(State& next, Scope& scope, Object& state, Boolean& isCompleted)
   at Microsoft.AspNetCore.Mvc.Infrastructure.ControllerActionInvoker.InvokeNextActionFilterAsync()
--- End of stack trace from previous location ---
   at Microsoft.AspNetCore.Mvc.Infrastructure.ControllerActionInvoker.Rethrow(ActionExecutedContextSealed context)
   at Microsoft.AspNetCore.Mvc.Infrastructure.ControllerActionInvoker.Next(State& next, Scope& scope, Object& state, Boolean& isCompleted)
   at Microsoft.AspNetCore.Mvc.Infrastructure.ControllerActionInvoker.InvokeInnerFilterAsync()
--- End of stack trace from previous location ---
   at Microsoft.AspNetCore.Mvc.Infrastructure.ResourceInvoker.<InvokeFilterPipelineAsync>g__Awaited|20_0(ResourceInvoker invoker, Task lastTask, State next, Scope scope, Object state, Boolean isCompleted)
   at Microsoft.AspNetCore.Mvc.Infrastructure.ResourceInvoker.<InvokeAsync>g__Logged|17_1(ResourceInvoker invoker)
   at Microsoft.AspNetCore.Mvc.Infrastructure.ResourceInvoker.<InvokeAsync>g__Logged|17_1(ResourceInvoker invoker)
   at Microsoft.AspNetCore.Routing.EndpointMiddleware.<Invoke>g__AwaitRequestTask|7_0(Endpoint endpoint, Task requestTask, ILogger logger)
   at Microsoft.AspNetCore.Authorization.AuthorizationMiddleware.Invoke(HttpContext context)
   at Microsoft.AspNetCore.Authentication.AuthenticationMiddleware.Invoke(HttpContext context)
   at Swashbuckle.AspNetCore.SwaggerUI.SwaggerUIMiddleware.Invoke(HttpContext httpContext)
   at Swashbuckle.AspNetCore.Swagger.SwaggerMiddleware.Invoke(HttpContext httpContext, ISwaggerProvider swaggerProvider)
   at Microsoft.AspNetCore.Diagnostics.DeveloperExceptionPageMiddlewareImpl.Invoke(HttpContext context)
2026-01-10 23:47:21.228 +05:30 [INF] Request finished HTTP/2 POST https://localhost:7224/api/User/login - 500 null text/plain; charset=utf-8 18850.5422ms
2026-01-10 23:52:39.688 +05:30 [INF] User profile is available. Using 'C:\Users\nssan\AppData\Local\ASP.NET\DataProtection-Keys' as key repository and Windows DPAPI to encrypt keys at rest.
2026-01-10 23:52:44.859 +05:30 [INF] Now listening on: https://localhost:7224
2026-01-10 23:52:45.032 +05:30 [INF] Now listening on: http://localhost:5285
2026-01-10 23:52:48.153 +05:30 [INF] Request starting HTTP/2 GET https://localhost:7224/swagger/index.html - null null
2026-01-10 23:52:49.497 +05:30 [INF] Application started. Press Ctrl+C to shut down.
2026-01-10 23:52:49.752 +05:30 [INF] Hosting environment: Development
2026-01-10 23:52:50.002 +05:30 [INF] Content root path: D:\Projects\FundooApp\FundooApp\FundooApp
2026-01-10 23:52:52.845 +05:30 [INF] Request starting HTTP/2 GET https://localhost:7224/_framework/aspnetcore-browser-refresh.js - null null
2026-01-10 23:52:52.843 +05:30 [INF] Request starting HTTP/2 GET https://localhost:7224/_vs/browserLink - null null
2026-01-10 23:52:52.903 +05:30 [INF] Request finished HTTP/2 GET https://localhost:7224/swagger/index.html - 200 null text/html;charset=utf-8 4991.6962ms
2026-01-10 23:52:53.084 +05:30 [INF] Request finished HTTP/2 GET https://localhost:7224/_framework/aspnetcore-browser-refresh.js - 200 16503 application/javascript; charset=utf-8 238.1727ms
2026-01-10 23:52:53.712 +05:30 [INF] Request finished HTTP/2 GET https://localhost:7224/_vs/browserLink - 200 null text/javascript; charset=UTF-8 869.7748ms
2026-01-10 23:52:53.792 +05:30 [INF] Request starting HTTP/2 GET https://localhost:7224/swagger/v1/swagger.json - null null
2026-01-10 23:52:54.208 +05:30 [INF] Request finished HTTP/2 GET https://localhost:7224/swagger/v1/swagger.json - 200 null application/json;charset=utf-8 415.851ms
2026-01-10 23:53:24.099 +05:30 [INF] Request starting HTTP/2 POST https://localhost:7224/api/User/login - application/json-patch+json 64
2026-01-10 23:53:26.051 +05:30 [INF] Executing endpoint 'FundooApp.Controllers.UserController.Login (FundooApp)'
2026-01-10 23:53:26.623 +05:30 [INF] Route matched with {action = "Login", controller = "User"}. Executing controller action with signature Microsoft.AspNetCore.Mvc.IActionResult Login(ModalLayer.DTOs.User.LoginDTO) on controller FundooApp.Controllers.UserController (FundooApp).
2026-01-10 23:54:06.939 +05:30 [INF] Executed DbCommand (614ms) [Parameters=[@__mdl_Email_0='?' (Size = 4000)], CommandType='"Text"', CommandTimeout='30']
SELECT TOP(1) [u].[UserId], [u].[ChangedAt], [u].[Created], [u].[Email], [u].[FirstName], [u].[LastName], [u].[Password]
FROM [Users] AS [u]
WHERE [u].[Email] = @__mdl_Email_0
2026-01-10 23:57:43.111 +05:30 [INF] User profile is available. Using 'C:\Users\nssan\AppData\Local\ASP.NET\DataProtection-Keys' as key repository and Windows DPAPI to encrypt keys at rest.
2026-01-10 23:57:45.740 +05:30 [INF] Now listening on: https://localhost:7224
2026-01-10 23:57:45.759 +05:30 [INF] Now listening on: http://localhost:5285
2026-01-10 23:57:46.018 +05:30 [INF] Application started. Press Ctrl+C to shut down.
2026-01-10 23:57:46.063 +05:30 [INF] Hosting environment: Development
2026-01-10 23:57:46.103 +05:30 [INF] Content root path: D:\Projects\FundooApp\FundooApp\FundooApp
2026-01-10 23:57:46.754 +05:30 [INF] Request starting HTTP/2 GET https://localhost:7224/swagger/index.html - null null
2026-01-10 23:57:47.276 +05:30 [INF] Request finished HTTP/2 GET https://localhost:7224/swagger/index.html - 200 null text/html;charset=utf-8 539.2857ms
2026-01-10 23:57:47.326 +05:30 [INF] Request starting HTTP/2 GET https://localhost:7224/_vs/browserLink - null null
2026-01-10 23:57:47.302 +05:30 [INF] Request starting HTTP/2 GET https://localhost:7224/_framework/aspnetcore-browser-refresh.js - null null
2026-01-10 23:57:47.623 +05:30 [INF] Request finished HTTP/2 GET https://localhost:7224/_framework/aspnetcore-browser-refresh.js - 200 16503 application/javascript; charset=utf-8 324.1444ms
2026-01-10 23:57:47.789 +05:30 [INF] Request finished HTTP/2 GET https://localhost:7224/_vs/browserLink - 200 null text/javascript; charset=UTF-8 486.7618ms
2026-01-10 23:57:47.855 +05:30 [INF] Request starting HTTP/2 GET https://localhost:7224/swagger/v1/swagger.json - null null
2026-01-10 23:57:47.958 +05:30 [INF] Request finished HTTP/2 GET https://localhost:7224/swagger/v1/swagger.json - 200 null application/json;charset=utf-8 107.3371ms
2026-01-10 23:58:14.307 +05:30 [INF] Request starting HTTP/2 POST https://localhost:7224/api/User/login - application/json-patch+json 64
2026-01-10 23:58:16.481 +05:30 [INF] Executing endpoint 'FundooApp.Controllers.UserController.Login (FundooApp)'
2026-01-10 23:58:16.551 +05:30 [INF] Route matched with {action = "Login", controller = "User"}. Executing controller action with signature Microsoft.AspNetCore.Mvc.IActionResult Login(ModalLayer.DTOs.User.LoginDTO) on controller FundooApp.Controllers.UserController (FundooApp).
2026-01-10 23:59:04.786 +05:30 [INF] Executed DbCommand (2,042ms) [Parameters=[@__mdl_Email_0='?' (Size = 4000)], CommandType='"Text"', CommandTimeout='30']
SELECT TOP(1) [u].[UserId], [u].[ChangedAt], [u].[Created], [u].[Email], [u].[FirstName], [u].[LastName], [u].[Password]
FROM [Users] AS [u]
WHERE [u].[Email] = @__mdl_Email_0
