2026-01-01 19:42:50.454 +05:30 [INF] User profile is available. Using 'C:\Users\nssan\AppData\Local\ASP.NET\DataProtection-Keys' as key repository and Windows DPAPI to encrypt keys at rest.
2026-01-01 19:42:51.211 +05:30 [INF] Now listening on: https://localhost:7224
2026-01-01 19:42:51.214 +05:30 [INF] Now listening on: http://localhost:5285
2026-01-01 19:42:51.297 +05:30 [INF] Application started. Press Ctrl+C to shut down.
2026-01-01 19:42:51.299 +05:30 [INF] Hosting environment: Development
2026-01-01 19:42:51.301 +05:30 [INF] Content root path: D:\Projects\FundooNotes\FundooApp\FundooApp
2026-01-01 19:42:52.096 +05:30 [INF] Request starting HTTP/2 GET https://localhost:7224/swagger - null null
2026-01-01 19:42:52.276 +05:30 [INF] Request finished HTTP/2 GET https://localhost:7224/swagger - 301 0 null 195.5876ms
2026-01-01 19:42:52.282 +05:30 [INF] Request starting HTTP/2 GET https://localhost:7224/swagger/index.html - null null
2026-01-01 19:42:52.388 +05:30 [INF] Request starting HTTP/2 GET https://localhost:7224/swagger/swagger-ui.css - null null
2026-01-01 19:42:52.394 +05:30 [INF] Request starting HTTP/2 GET https://localhost:7224/swagger/swagger-ui-standalone-preset.js - null null
2026-01-01 19:42:52.398 +05:30 [INF] Request starting HTTP/2 GET https://localhost:7224/_framework/aspnetcore-browser-refresh.js - null null
2026-01-01 19:42:52.399 +05:30 [INF] Request starting HTTP/2 GET https://localhost:7224/_vs/browserLink - null null
2026-01-01 19:42:52.388 +05:30 [INF] Request starting HTTP/2 GET https://localhost:7224/swagger/swagger-ui-bundle.js - null null
2026-01-01 19:42:52.408 +05:30 [INF] Request finished HTTP/2 GET https://localhost:7224/swagger/index.html - 200 null text/html;charset=utf-8 126.798ms
2026-01-01 19:42:52.427 +05:30 [INF] Request finished HTTP/2 GET https://localhost:7224/_framework/aspnetcore-browser-refresh.js - 200 16503 application/javascript; charset=utf-8 28.8043ms
2026-01-01 19:42:52.458 +05:30 [INF] Sending file. Request path: '/swagger-ui.css'. Physical path: 'N/A'
2026-01-01 19:42:52.458 +05:30 [INF] Sending file. Request path: '/swagger-ui-standalone-preset.js'. Physical path: 'N/A'
2026-01-01 19:42:52.461 +05:30 [INF] Request finished HTTP/2 GET https://localhost:7224/swagger/swagger-ui.css - 200 152034 text/css 72.8268ms
2026-01-01 19:42:52.463 +05:30 [INF] Request finished HTTP/2 GET https://localhost:7224/swagger/swagger-ui-standalone-preset.js - 200 230280 text/javascript 74.2621ms
2026-01-01 19:42:52.497 +05:30 [INF] Sending file. Request path: '/swagger-ui-bundle.js'. Physical path: 'N/A'
2026-01-01 19:42:52.498 +05:30 [INF] Request finished HTTP/2 GET https://localhost:7224/swagger/swagger-ui-bundle.js - 200 1456926 text/javascript 110.3924ms
2026-01-01 19:42:52.512 +05:30 [INF] Request finished HTTP/2 GET https://localhost:7224/_vs/browserLink - 200 null text/javascript; charset=UTF-8 112.995ms
2026-01-01 19:42:52.600 +05:30 [INF] Request starting HTTP/2 GET https://localhost:7224/swagger/v1/swagger.json - null null
2026-01-01 19:42:52.620 +05:30 [INF] Request finished HTTP/2 GET https://localhost:7224/swagger/v1/swagger.json - 200 null application/json;charset=utf-8 20.27ms
