2026-01-11 00:01:59.500 +05:30 [INF] Executed action FundooApp.Controllers.UserController.Login (FundooApp) in 222781.6109ms
2026-01-11 00:01:59.646 +05:30 [INF] Executed endpoint 'FundooApp.Controllers.UserController.Login (FundooApp)'
2026-01-11 00:01:59.762 +05:30 [ERR] Unhandled exception occurred. Path: /api/User/login, Method: POST
System.Exception: User Not Found
   at BusinessLogicLayer.Service.UserBuss.LoginUser(LoginDTO loginDTO) in D:\Projects\FundooApp\FundooApp\Fundoo.Business\Service\UserBuss.cs:line 35
   at FundooApp.Controllers.UserController.Login(LoginDTO loginMdl) in D:\Projects\FundooApp\FundooApp\FundooApp\Controllers\UserController.cs:line 62
   at lambda_method2(Closure, Object, Object[])
   at Microsoft.AspNetCore.Mvc.Infrastructure.ActionMethodExecutor.SyncActionResultExecutor.Execute(ActionContext actionContext, IActionResultTypeMapper mapper, ObjectMethodExecutor executor, Object controller, Object[] arguments)
   at Microsoft.AspNetCore.Mvc.Infrastructure.ControllerActionInvoker.InvokeActionMethodAsync()
   at Microsoft.AspNetCore.Mvc.Infrastructure.ControllerActionInvoker.Next(State& next, Scope& scope, Object& state, Boolean& isCompleted)
   at Microsoft.AspNetCore.Mvc.Infrastructure.ControllerActionInvoker.InvokeNextActionFilterAsync()
--- End of stack trace from previous location ---
   at Microsoft.AspNetCore.Mvc.Infrastructure.ControllerActionInvoker.Rethrow(ActionExecutedContextSealed context)
   at Microsoft.AspNetCore.Mvc.Infrastructure.ControllerActionInvoker.Next(State& next, Scope& scope, Object& state, Boolean& isCompleted)
   at Microsoft.AspNetCore.Mvc.Infrastructure.ControllerActionInvoker.InvokeInnerFilterAsync()
--- End of stack trace from previous location ---
   at Microsoft.AspNetCore.Mvc.Infrastructure.ResourceInvoker.<InvokeFilterPipelineAsync>g__Awaited|20_0(ResourceInvoker invoker, Task lastTask, State next, Scope scope, Object state, Boolean isCompleted)
   at Microsoft.AspNetCore.Mvc.Infrastructure.ResourceInvoker.<InvokeAsync>g__Logged|17_1(ResourceInvoker invoker)
   at Microsoft.AspNetCore.Mvc.Infrastructure.ResourceInvoker.<InvokeAsync>g__Logged|17_1(ResourceInvoker invoker)
   at Microsoft.AspNetCore.Routing.EndpointMiddleware.<Invoke>g__AwaitRequestTask|7_0(Endpoint endpoint, Task requestTask, ILogger logger)
   at Microsoft.AspNetCore.Authorization.AuthorizationMiddleware.Invoke(HttpContext context)
   at Microsoft.AspNetCore.Authentication.AuthenticationMiddleware.Invoke(HttpContext context)
   at Swashbuckle.AspNetCore.SwaggerUI.SwaggerUIMiddleware.Invoke(HttpContext httpContext)
   at Swashbuckle.AspNetCore.Swagger.SwaggerMiddleware.Invoke(HttpContext httpContext, ISwaggerProvider swaggerProvider)
   at FundooApp.MiddleWare.GlobalExceptionMiddleware.InvokeAsync(HttpContext context) in D:\Projects\FundooApp\FundooApp\FundooApp\MiddleWare\GlobalExceptionMiddleware.cs:line 21
2026-01-11 00:02:00.259 +05:30 [INF] Request finished HTTP/2 POST https://localhost:7224/api/User/login - 500 null application/json 225951.2534ms
2026-01-11 14:39:39.057 +05:30 [INF] User profile is available. Using 'C:\Users\nssan\AppData\Local\ASP.NET\DataProtection-Keys' as key repository and Windows DPAPI to encrypt keys at rest.
2026-01-11 14:39:39.662 +05:30 [INF] Now listening on: https://localhost:7224
2026-01-11 14:39:39.664 +05:30 [INF] Now listening on: http://localhost:5285
2026-01-11 14:39:39.735 +05:30 [INF] Application started. Press Ctrl+C to shut down.
2026-01-11 14:39:39.737 +05:30 [INF] Hosting environment: Development
2026-01-11 14:39:39.739 +05:30 [INF] Content root path: D:\Projects\FundooApp\FundooApp\FundooApp
2026-01-11 14:39:40.413 +05:30 [INF] Request starting HTTP/2 GET https://localhost:7224/swagger - null null
2026-01-11 14:39:40.683 +05:30 [INF] Request finished HTTP/2 GET https://localhost:7224/swagger - 301 0 null 288.6468ms
2026-01-11 14:39:40.690 +05:30 [INF] Request starting HTTP/2 GET https://localhost:7224/swagger/index.html - null null
2026-01-11 14:39:40.832 +05:30 [INF] Request starting HTTP/2 GET https://localhost:7224/swagger/swagger-ui.css - null null
2026-01-11 14:39:40.834 +05:30 [INF] Request finished HTTP/2 GET https://localhost:7224/swagger/index.html - 200 null text/html;charset=utf-8 145.5551ms
2026-01-11 14:39:40.841 +05:30 [INF] Request starting HTTP/2 GET https://localhost:7224/_vs/browserLink - null null
2026-01-11 14:39:40.833 +05:30 [INF] Request starting HTTP/2 GET https://localhost:7224/swagger/swagger-ui-standalone-preset.js - null null
2026-01-11 14:39:40.833 +05:30 [INF] Request starting HTTP/2 GET https://localhost:7224/swagger/swagger-ui-bundle.js - null null
2026-01-11 14:39:40.845 +05:30 [INF] Request starting HTTP/2 GET https://localhost:7224/_framework/aspnetcore-browser-refresh.js - null null
2026-01-11 14:39:40.944 +05:30 [INF] Sending file. Request path: '/swagger-ui-standalone-preset.js'. Physical path: 'N/A'
2026-01-11 14:39:40.944 +05:30 [INF] Sending file. Request path: '/swagger-ui.css'. Physical path: 'N/A'
2026-01-11 14:39:41.000 +05:30 [INF] Request finished HTTP/2 GET https://localhost:7224/swagger/swagger-ui-standalone-preset.js - 200 230280 text/javascript 166.9972ms
2026-01-11 14:39:41.005 +05:30 [INF] Request finished HTTP/2 GET https://localhost:7224/swagger/swagger-ui.css - 200 152034 text/css 172.7954ms
2026-01-11 14:39:40.986 +05:30 [INF] Request finished HTTP/2 GET https://localhost:7224/_framework/aspnetcore-browser-refresh.js - 200 16503 application/javascript; charset=utf-8 141.4066ms
2026-01-11 14:39:41.010 +05:30 [INF] Sending file. Request path: '/swagger-ui-bundle.js'. Physical path: 'N/A'
2026-01-11 14:39:41.030 +05:30 [INF] Request finished HTTP/2 GET https://localhost:7224/_vs/browserLink - 200 null text/javascript; charset=UTF-8 188.8259ms
2026-01-11 14:39:41.035 +05:30 [INF] Request finished HTTP/2 GET https://localhost:7224/swagger/swagger-ui-bundle.js - 200 1456926 text/javascript 201.478ms
2026-01-11 14:39:41.147 +05:30 [INF] Request starting HTTP/2 GET https://localhost:7224/swagger/v1/swagger.json - null null
2026-01-11 14:39:41.220 +05:30 [INF] Request finished HTTP/2 GET https://localhost:7224/swagger/v1/swagger.json - 200 null application/json;charset=utf-8 72.3522ms
